TTF2BMH version 0.9 (c) JD Morise
====================================================================
Liberation Mono Bold_digits_24.h
Liberation Mono Bold_digits_32.h
Liberation Mono Bold_digits_40.h
Liberation Mono Bold_digits_48.h
Liberation Mono Bold_digits_56.h
Liberation Mono Bold_digits_64.h
Liberation Mono Bold Italic_digits_24.h
Liberation Mono Bold Italic_digits_32.h
Liberation Mono Bold Italic_digits_40.h
Liberation Mono Bold Italic_digits_48.h
Liberation Mono Bold Italic_digits_56.h
Liberation Mono Bold Italic_digits_64.h
Liberation Mono Italic_digits_24.h
Liberation Mono Italic_digits_32.h
Liberation Mono Italic_digits_40.h
Liberation Mono Italic_digits_48.h
Liberation Mono Italic_digits_56.h
Liberation Mono Italic_digits_64.h
Liberation Mono_digits_24.h
Liberation Mono_digits_32.h
Liberation Mono_digits_40.h
Liberation Mono_digits_48.h
Liberation Mono_digits_56.h
Liberation Mono_digits_64.h
Liberation Sans Bold_digits_24.h
Liberation Sans Bold_digits_32.h
Liberation Sans Bold_digits_40.h
Liberation Sans Bold_digits_48.h
Liberation Sans Bold_digits_56.h
Liberation Sans Bold_digits_64.h
Liberation Sans Bold Italic_digits_24.h
Liberation Sans Bold Italic_digits_32.h
Liberation Sans Bold Italic_digits_40.h
Liberation Sans Bold Italic_digits_48.h
Liberation Sans Bold Italic_digits_56.h
Liberation Sans Bold Italic_digits_64.h
Liberation Sans Italic_digits_24.h
Liberation Sans Italic_digits_32.h
Liberation Sans Italic_digits_40.h
Liberation Sans Italic_digits_48.h
Liberation Sans Italic_digits_56.h
Liberation Sans Italic_digits_64.h
Liberation Sans_digits_24.h
Liberation Sans_digits_32.h
Liberation Sans_digits_40.h
Liberation Sans_digits_48.h
Liberation Sans_digits_56.h
Liberation Sans_digits_64.h
Liberation Serif Bold_digits_24.h
Liberation Serif Bold_digits_32.h
Liberation Serif Bold_digits_40.h
Liberation Serif Bold_digits_48.h
Liberation Serif Bold_digits_56.h
Liberation Serif Bold_digits_64.h
Liberation Serif Bold Italic_digits_24.h
Liberation Serif Bold Italic_digits_32.h
Liberation Serif Bold Italic_digits_40.h
Liberation Serif Bold Italic_digits_48.h
Liberation Serif Bold Italic_digits_56.h
Liberation Serif Bold Italic_digits_64.h
Liberation Serif Italic_digits_24.h
Liberation Serif Italic_digits_32.h
Liberation Serif Italic_digits_40.h
Liberation Serif Italic_digits_48.h
Liberation Serif Italic_digits_56.h
Liberation Serif Italic_digits_64.h
Liberation Serif_digits_24.h
Liberation Serif_digits_32.h
Liberation Serif_digits_40.h
Liberation Serif_digits_48.h
Liberation Serif_digits_56.h
Liberation Serif_digits_64.h
====================================================================
