TTF2BMH version 0.9 (c) JD Morise
====================================================================
Orkney Bold_digits_24.h
Orkney Bold_digits_32.h
Orkney Bold_digits_40.h
Orkney Bold_digits_48.h
Orkney Bold_digits_56.h
Orkney Bold_digits_64.h
Orkney-Light_digits_24.h
Orkney-Light_digits_32.h
Orkney-Light_digits_40.h
Orkney-Light_digits_48.h
Orkney-Light_digits_56.h
Orkney-Light_digits_64.h
Orkney-Medium_digits_24.h
Orkney-Medium_digits_32.h
Orkney-Medium_digits_40.h
Orkney-Medium_digits_48.h
Orkney-Medium_digits_56.h
Orkney-Medium_digits_64.h
Orkney-Regular_digits_24.h
Orkney-Regular_digits_32.h
Orkney-Regular_digits_40.h
Orkney-Regular_digits_48.h
Orkney-Regular_digits_56.h
Orkney-Regular_digits_64.h
Bitstream Vera Sans_digits_24.h
Bitstream Vera Sans_digits_32.h
Bitstream Vera Sans_digits_40.h
Bitstream Vera Sans_digits_48.h
Bitstream Vera Sans_digits_56.h
Bitstream Vera Sans_digits_64.h
Bitstream Vera Sans Bold_digits_24.h
Bitstream Vera Sans Bold_digits_32.h
Bitstream Vera Sans Bold_digits_40.h
Bitstream Vera Sans Bold_digits_48.h
Bitstream Vera Sans Bold_digits_56.h
Bitstream Vera Sans Bold_digits_64.h
Bitstream Vera Sans Bold Oblique_digits_24.h
Bitstream Vera Sans Bold Oblique_digits_32.h
Bitstream Vera Sans Bold Oblique_digits_40.h
Bitstream Vera Sans Bold Oblique_digits_48.h
Bitstream Vera Sans Bold Oblique_digits_56.h
Bitstream Vera Sans Bold Oblique_digits_64.h
Bitstream Vera Sans Oblique_digits_24.h
Bitstream Vera Sans Oblique_digits_32.h
Bitstream Vera Sans Oblique_digits_40.h
Bitstream Vera Sans Oblique_digits_48.h
Bitstream Vera Sans Oblique_digits_56.h
Bitstream Vera Sans Oblique_digits_64.h
Bitstream Vera Sans Mono Bold_digits_24.h
Bitstream Vera Sans Mono Bold_digits_32.h
Bitstream Vera Sans Mono Bold_digits_40.h
Bitstream Vera Sans Mono Bold_digits_48.h
Bitstream Vera Sans Mono Bold_digits_56.h
Bitstream Vera Sans Mono Bold_digits_64.h
Bitstream Vera Sans Mono Bold Oblique_digits_24.h
Bitstream Vera Sans Mono Bold Oblique_digits_32.h
Bitstream Vera Sans Mono Bold Oblique_digits_40.h
Bitstream Vera Sans Mono Bold Oblique_digits_48.h
Bitstream Vera Sans Mono Bold Oblique_digits_56.h
Bitstream Vera Sans Mono Bold Oblique_digits_64.h
Bitstream Vera Sans Mono Oblique_digits_24.h
Bitstream Vera Sans Mono Oblique_digits_32.h
Bitstream Vera Sans Mono Oblique_digits_40.h
Bitstream Vera Sans Mono Oblique_digits_48.h
Bitstream Vera Sans Mono Oblique_digits_56.h
Bitstream Vera Sans Mono Oblique_digits_64.h
Bitstream Vera Sans Mono_digits_24.h
Bitstream Vera Sans Mono_digits_32.h
Bitstream Vera Sans Mono_digits_40.h
Bitstream Vera Sans Mono_digits_48.h
Bitstream Vera Sans Mono_digits_56.h
Bitstream Vera Sans Mono_digits_64.h
Bitstream Vera Serif_digits_24.h
Bitstream Vera Serif_digits_32.h
Bitstream Vera Serif_digits_40.h
Bitstream Vera Serif_digits_48.h
Bitstream Vera Serif_digits_56.h
Bitstream Vera Serif_digits_64.h
Bitstream Vera Serif Bold_digits_24.h
Bitstream Vera Serif Bold_digits_32.h
Bitstream Vera Serif Bold_digits_40.h
Bitstream Vera Serif Bold_digits_48.h
Bitstream Vera Serif Bold_digits_56.h
Bitstream Vera Serif Bold_digits_64.h
====================================================================
