TTF2BMH version 0.9 (c) JD Morise
====================================================================
K2D Bold_digits_24.h
K2D Bold_digits_32.h
K2D Bold_digits_40.h
K2D Bold_digits_48.h
K2D Bold_digits_56.h
K2D Bold_digits_64.h
K2D Bold Italic_digits_24.h
K2D Bold Italic_digits_32.h
K2D Bold Italic_digits_40.h
K2D Bold Italic_digits_48.h
K2D Bold Italic_digits_56.h
K2D Bold Italic_digits_64.h
K2D ExtraBold_digits_24.h
K2D ExtraBold_digits_32.h
K2D ExtraBold_digits_40.h
K2D ExtraBold_digits_48.h
K2D ExtraBold_digits_56.h
K2D ExtraBold_digits_64.h
K2D ExtraBold Italic_digits_24.h
K2D ExtraBold Italic_digits_32.h
K2D ExtraBold Italic_digits_40.h
K2D ExtraBold Italic_digits_48.h
K2D ExtraBold Italic_digits_56.h
K2D ExtraBold Italic_digits_64.h
K2D ExtraLight_digits_24.h
K2D ExtraLight_digits_32.h
K2D ExtraLight_digits_40.h
K2D ExtraLight_digits_48.h
K2D ExtraLight_digits_56.h
K2D ExtraLight_digits_64.h
K2D ExtraLight Italic_digits_24.h
K2D ExtraLight Italic_digits_32.h
K2D ExtraLight Italic_digits_40.h
K2D ExtraLight Italic_digits_48.h
K2D ExtraLight Italic_digits_56.h
K2D ExtraLight Italic_digits_64.h
K2D Italic_digits_24.h
K2D Italic_digits_32.h
K2D Italic_digits_40.h
K2D Italic_digits_48.h
K2D Italic_digits_56.h
K2D Italic_digits_64.h
K2D Light_digits_24.h
K2D Light_digits_32.h
K2D Light_digits_40.h
K2D Light_digits_48.h
K2D Light_digits_56.h
K2D Light_digits_64.h
K2D Light Italic_digits_24.h
K2D Light Italic_digits_32.h
K2D Light Italic_digits_40.h
K2D Light Italic_digits_48.h
K2D Light Italic_digits_56.h
K2D Light Italic_digits_64.h
K2D Medium_digits_24.h
K2D Medium_digits_32.h
K2D Medium_digits_40.h
K2D Medium_digits_48.h
K2D Medium_digits_56.h
K2D Medium_digits_64.h
K2D Medium Italic_digits_24.h
K2D Medium Italic_digits_32.h
K2D Medium Italic_digits_40.h
K2D Medium Italic_digits_48.h
K2D Medium Italic_digits_56.h
K2D Medium Italic_digits_64.h
K2D Regular_digits_24.h
K2D Regular_digits_32.h
K2D Regular_digits_40.h
K2D Regular_digits_48.h
K2D Regular_digits_56.h
K2D Regular_digits_64.h
K2D SemiBold_digits_24.h
K2D SemiBold_digits_32.h
K2D SemiBold_digits_40.h
K2D SemiBold_digits_48.h
K2D SemiBold_digits_56.h
K2D SemiBold_digits_64.h
K2D SemiBold Italic_digits_24.h
K2D SemiBold Italic_digits_32.h
K2D SemiBold Italic_digits_40.h
K2D SemiBold Italic_digits_48.h
K2D SemiBold Italic_digits_56.h
K2D SemiBold Italic_digits_64.h
K2D Thin_digits_24.h
K2D Thin_digits_32.h
K2D Thin_digits_40.h
K2D Thin_digits_48.h
K2D Thin_digits_56.h
K2D Thin_digits_64.h
K2D Thin Italic_digits_24.h
K2D Thin Italic_digits_32.h
K2D Thin Italic_digits_40.h
K2D Thin Italic_digits_48.h
K2D Thin Italic_digits_56.h
K2D Thin Italic_digits_64.h
====================================================================
