TTF2BMH version 2.0.1(c) JD Morise
====================================================================
Aclonica Regular_24.h
Aclonica Regular_32.h
Aclonica Regular_40.h
Aclonica Regular_48.h
Aclonica Regular_56.h
Aclonica Regular_64.h
Arimo Bold_24.h
Arimo Bold_32.h
Arimo Bold_40.h
Arimo Bold_48.h
Arimo Bold_56.h
Arimo Bold_64.h
Arimo Bold Italic_24.h
Arimo Bold Italic_32.h
Arimo Bold Italic_40.h
Arimo Bold Italic_48.h
Arimo Bold Italic_56.h
Arimo Bold Italic_64.h
Arimo Italic_24.h
Arimo Italic_32.h
Arimo Italic_40.h
Arimo Italic_48.h
Arimo Italic_56.h
Arimo Italic_64.h
Arimo Regular_24.h
Arimo Regular_32.h
Arimo Regular_40.h
Arimo Regular_48.h
Arimo Regular_56.h
Arimo Regular_64.h
Calligraffitti Regular_24.h
Calligraffitti Regular_32.h
Calligraffitti Regular_40.h
Calligraffitti Regular_48.h
Calligraffitti Regular_56.h
Calligraffitti Regular_64.h
Cherry Cream Soda Regular_24.h
Cherry Cream Soda Regular_32.h
Cherry Cream Soda Regular_40.h
Cherry Cream Soda Regular_48.h
Cherry Cream Soda Regular_56.h
Cherry Cream Soda Regular_64.h
Chewy Regular_24.h
Chewy Regular_32.h
Chewy Regular_40.h
Chewy Regular_48.h
Chewy Regular_56.h
Chewy Regular_64.h
Coming Soon Regular_24.h
Coming Soon Regular_32.h
Coming Soon Regular_40.h
Coming Soon Regular_48.h
Coming Soon Regular_56.h
Coming Soon Regular_64.h
Cousine Bold_24.h
Cousine Bold_32.h
Cousine Bold_40.h
Cousine Bold_48.h
Cousine Bold_56.h
Cousine Bold_64.h
Cousine Bold Italic_24.h
Cousine Bold Italic_32.h
Cousine Bold Italic_40.h
Cousine Bold Italic_48.h
Cousine Bold Italic_56.h
Cousine Bold Italic_64.h
Cousine Italic_24.h
Cousine Italic_32.h
Cousine Italic_40.h
Cousine Italic_48.h
Cousine Italic_56.h
Cousine Italic_64.h
Cousine Regular_24.h
Cousine Regular_32.h
Cousine Regular_40.h
Cousine Regular_48.h
Cousine Regular_56.h
Cousine Regular_64.h
Crafty Girls Regular_24.h
Crafty Girls Regular_32.h
Crafty Girls Regular_40.h
Crafty Girls Regular_48.h
Crafty Girls Regular_56.h
Crafty Girls Regular_64.h
Creepster Caps Regular_24.h
Creepster Caps Regular_32.h
Creepster Caps Regular_40.h
Creepster Caps Regular_48.h
Creepster Caps Regular_56.h
Creepster Caps Regular_64.h
Crushed Regular_24.h
Crushed Regular_32.h
Crushed Regular_40.h
Crushed Regular_48.h
Crushed Regular_56.h
Crushed Regular_64.h
Fontdiner Swanky Regular_24.h
Fontdiner Swanky Regular_32.h
Fontdiner Swanky Regular_40.h
Fontdiner Swanky Regular_48.h
Fontdiner Swanky Regular_56.h
Fontdiner Swanky Regular_64.h
Homemade Apple Regular_24.h
Homemade Apple Regular_32.h
Homemade Apple Regular_40.h
Homemade Apple Regular_48.h
Homemade Apple Regular_56.h
Homemade Apple Regular_64.h
Irish Grover Regular_24.h
Irish Grover Regular_32.h
Irish Grover Regular_40.h
Irish Grover Regular_48.h
Irish Grover Regular_56.h
Irish Grover Regular_64.h
jsMath-cmbx10_24.h
jsMath-cmbx10_32.h
jsMath-cmbx10_40.h
jsMath-cmbx10_48.h
jsMath-cmbx10_56.h
jsMath-cmbx10_64.h
jsMath-cmex10_24.h
jsMath-cmex10_32.h
jsMath-cmex10_40.h
jsMath-cmex10_48.h
jsMath-cmex10_56.h
jsMath-cmex10_64.h
jsMath-cmmi10_24.h
jsMath-cmmi10_32.h
jsMath-cmmi10_40.h
jsMath-cmmi10_48.h
jsMath-cmmi10_56.h
jsMath-cmmi10_64.h
jsMath-cmr10_24.h
jsMath-cmr10_32.h
jsMath-cmr10_40.h
jsMath-cmr10_48.h
jsMath-cmr10_56.h
jsMath-cmr10_64.h
jsMath-cmsy10_24.h
jsMath-cmsy10_32.h
jsMath-cmsy10_40.h
jsMath-cmsy10_48.h
jsMath-cmsy10_56.h
jsMath-cmsy10_64.h
jsMath-cmti10_24.h
jsMath-cmti10_32.h
jsMath-cmti10_40.h
jsMath-cmti10_48.h
jsMath-cmti10_56.h
jsMath-cmti10_64.h
Just Another Hand Regular_24.h
Just Another Hand Regular_32.h
Just Another Hand Regular_40.h
Just Another Hand Regular_48.h
Just Another Hand Regular_56.h
Just Another Hand Regular_64.h
Kranky Regular_24.h
Kranky Regular_32.h
Kranky Regular_40.h
Kranky Regular_48.h
Kranky Regular_56.h
Kranky Regular_64.h
Luckiest Guy Regular_24.h
Luckiest Guy Regular_32.h
Luckiest Guy Regular_40.h
Luckiest Guy Regular_48.h
Luckiest Guy Regular_56.h
Luckiest Guy Regular_64.h
Maiden Orange Regular_24.h
Maiden Orange Regular_32.h
Maiden Orange Regular_40.h
Maiden Orange Regular_48.h
Maiden Orange Regular_56.h
Maiden Orange Regular_64.h
Montez Regular_24.h
Montez Regular_32.h
Montez Regular_40.h
Montez Regular_48.h
Montez Regular_56.h
Montez Regular_64.h
Mountains of Christmas Bold_24.h
Mountains of Christmas Bold_32.h
Mountains of Christmas Bold_40.h
Mountains of Christmas Bold_48.h
Mountains of Christmas Bold_56.h
Mountains of Christmas Bold_64.h
Mountains of Christmas Regular_24.h
Mountains of Christmas Regular_32.h
Mountains of Christmas Regular_40.h
Mountains of Christmas Regular_48.h
Mountains of Christmas Regular_56.h
Mountains of Christmas Regular_64.h
Nokora Bold_24.h
Nokora Bold_32.h
Nokora Bold_40.h
Nokora Bold_48.h
Nokora Bold_56.h
Nokora Bold_64.h
Nokora Regular_24.h
Nokora Regular_32.h
Nokora Regular_40.h
Nokora Regular_48.h
Nokora Regular_56.h
Nokora Regular_64.h
Open Sans Bold_24.h
Open Sans Bold_32.h
Open Sans Bold_40.h
Open Sans Bold_48.h
Open Sans Bold_56.h
Open Sans Bold_64.h
Open Sans Bold Italic_24.h
Open Sans Bold Italic_32.h
Open Sans Bold Italic_40.h
Open Sans Bold Italic_48.h
Open Sans Bold Italic_56.h
Open Sans Bold Italic_64.h
Open Sans ExtraBold_24.h
Open Sans ExtraBold_32.h
Open Sans ExtraBold_40.h
Open Sans ExtraBold_48.h
Open Sans ExtraBold_56.h
Open Sans ExtraBold_64.h
Open Sans ExtraBold Italic_24.h
Open Sans ExtraBold Italic_32.h
Open Sans ExtraBold Italic_40.h
Open Sans ExtraBold Italic_48.h
Open Sans ExtraBold Italic_56.h
Open Sans ExtraBold Italic_64.h
Open Sans Italic_24.h
Open Sans Italic_32.h
Open Sans Italic_40.h
Open Sans Italic_48.h
Open Sans Italic_56.h
Open Sans Italic_64.h
Open Sans Light_24.h
Open Sans Light_32.h
Open Sans Light_40.h
Open Sans Light_48.h
Open Sans Light_56.h
Open Sans Light_64.h
Open Sans Light Italic_24.h
Open Sans Light Italic_32.h
Open Sans Light Italic_40.h
Open Sans Light Italic_48.h
Open Sans Light Italic_56.h
Open Sans Light Italic_64.h
Open Sans Regular_24.h
Open Sans Regular_32.h
Open Sans Regular_40.h
Open Sans Regular_48.h
Open Sans Regular_56.h
Open Sans Regular_64.h
Open Sans SemiBold_24.h
Open Sans SemiBold_32.h
Open Sans SemiBold_40.h
Open Sans SemiBold_48.h
Open Sans SemiBold_56.h
Open Sans SemiBold_64.h
Open Sans SemiBold Italic_24.h
Open Sans SemiBold Italic_32.h
Open Sans SemiBold Italic_40.h
Open Sans SemiBold Italic_48.h
Open Sans SemiBold Italic_56.h
Open Sans SemiBold Italic_64.h
Open Sans Condensed Bold_24.h
Open Sans Condensed Bold_32.h
Open Sans Condensed Bold_40.h
Open Sans Condensed Bold_48.h
Open Sans Condensed Bold_56.h
Open Sans Condensed Bold_64.h
Open Sans Condensed Light_24.h
Open Sans Condensed Light_32.h
Open Sans Condensed Light_40.h
Open Sans Condensed Light_48.h
Open Sans Condensed Light_56.h
Open Sans Condensed Light_64.h
Open Sans Condensed Light Italic_24.h
Open Sans Condensed Light Italic_32.h
Open Sans Condensed Light Italic_40.h
Open Sans Condensed Light Italic_48.h
Open Sans Condensed Light Italic_56.h
Open Sans Condensed Light Italic_64.h
Open Sans Hebrew Bold_24.h
Open Sans Hebrew Bold_32.h
Open Sans Hebrew Bold_40.h
Open Sans Hebrew Bold_48.h
Open Sans Hebrew Bold_56.h
Open Sans Hebrew Bold_64.h
Open Sans Hebrew Bold Italic_24.h
Open Sans Hebrew Bold Italic_32.h
Open Sans Hebrew Bold Italic_40.h
Open Sans Hebrew Bold Italic_48.h
Open Sans Hebrew Bold Italic_56.h
Open Sans Hebrew Bold Italic_64.h
Open Sans Hebrew Extra Bold_24.h
Open Sans Hebrew Extra Bold_32.h
Open Sans Hebrew Extra Bold_40.h
Open Sans Hebrew Extra Bold_48.h
Open Sans Hebrew Extra Bold_56.h
Open Sans Hebrew Extra Bold_64.h
Open Sans Hebrew Extra Bold Italic_24.h
Open Sans Hebrew Extra Bold Italic_32.h
Open Sans Hebrew Extra Bold Italic_40.h
Open Sans Hebrew Extra Bold Italic_48.h
Open Sans Hebrew Extra Bold Italic_56.h
Open Sans Hebrew Extra Bold Italic_64.h
Open Sans Hebrew Italic_24.h
Open Sans Hebrew Italic_32.h
Open Sans Hebrew Italic_40.h
Open Sans Hebrew Italic_48.h
Open Sans Hebrew Italic_56.h
Open Sans Hebrew Italic_64.h
Open Sans Hebrew Light_24.h
Open Sans Hebrew Light_32.h
Open Sans Hebrew Light_40.h
Open Sans Hebrew Light_48.h
Open Sans Hebrew Light_56.h
Open Sans Hebrew Light_64.h
Open Sans Hebrew Light Italic_24.h
Open Sans Hebrew Light Italic_32.h
Open Sans Hebrew Light Italic_40.h
Open Sans Hebrew Light Italic_48.h
Open Sans Hebrew Light Italic_56.h
Open Sans Hebrew Light Italic_64.h
Open Sans Hebrew_24.h
Open Sans Hebrew_32.h
Open Sans Hebrew_40.h
Open Sans Hebrew_48.h
Open Sans Hebrew_56.h
Open Sans Hebrew_64.h
Open Sans Hebrew Condensed Bold_24.h
Open Sans Hebrew Condensed Bold_32.h
Open Sans Hebrew Condensed Bold_40.h
Open Sans Hebrew Condensed Bold_48.h
Open Sans Hebrew Condensed Bold_56.h
Open Sans Hebrew Condensed Bold_64.h
Open Sans Hebrew Condensed Bold Italic_24.h
Open Sans Hebrew Condensed Bold Italic_32.h
Open Sans Hebrew Condensed Bold Italic_40.h
Open Sans Hebrew Condensed Bold Italic_48.h
Open Sans Hebrew Condensed Bold Italic_56.h
Open Sans Hebrew Condensed Bold Italic_64.h
Open Sans Hebrew Condensed Extra Bold_24.h
Open Sans Hebrew Condensed Extra Bold_32.h
Open Sans Hebrew Condensed Extra Bold_40.h
Open Sans Hebrew Condensed Extra Bold_48.h
Open Sans Hebrew Condensed Extra Bold_56.h
Open Sans Hebrew Condensed Extra Bold_64.h
Open Sans Hebrew Condensed Extra Bold Italic_24.h
Open Sans Hebrew Condensed Extra Bold Italic_32.h
Open Sans Hebrew Condensed Extra Bold Italic_40.h
Open Sans Hebrew Condensed Extra Bold Italic_48.h
Open Sans Hebrew Condensed Extra Bold Italic_56.h
Open Sans Hebrew Condensed Extra Bold Italic_64.h
Open Sans Hebrew Condensed Italic_24.h
Open Sans Hebrew Condensed Italic_32.h
Open Sans Hebrew Condensed Italic_40.h
Open Sans Hebrew Condensed Italic_48.h
Open Sans Hebrew Condensed Italic_56.h
Open Sans Hebrew Condensed Italic_64.h
Open Sans Hebrew Condensed Light_24.h
Open Sans Hebrew Condensed Light_32.h
Open Sans Hebrew Condensed Light_40.h
Open Sans Hebrew Condensed Light_48.h
Open Sans Hebrew Condensed Light_56.h
Open Sans Hebrew Condensed Light_64.h
Open Sans Hebrew Condensed Light Italic_24.h
Open Sans Hebrew Condensed Light Italic_32.h
Open Sans Hebrew Condensed Light Italic_40.h
Open Sans Hebrew Condensed Light Italic_48.h
Open Sans Hebrew Condensed Light Italic_56.h
Open Sans Hebrew Condensed Light Italic_64.h
Open Sans Hebrew Condensed_24.h
Open Sans Hebrew Condensed_32.h
Open Sans Hebrew Condensed_40.h
Open Sans Hebrew Condensed_48.h
Open Sans Hebrew Condensed_56.h
Open Sans Hebrew Condensed_64.h
Permanent Marker Regular_24.h
Permanent Marker Regular_32.h
Permanent Marker Regular_40.h
Permanent Marker Regular_48.h
Permanent Marker Regular_56.h
Permanent Marker Regular_64.h
Rancho Regular_24.h
Rancho Regular_32.h
Rancho Regular_40.h
Rancho Regular_48.h
Rancho Regular_56.h
Rancho Regular_64.h
Redressed Regular_24.h
Redressed Regular_32.h
Redressed Regular_40.h
Redressed Regular_48.h
Redressed Regular_56.h
Redressed Regular_64.h
Roboto Black_24.h
Roboto Black_32.h
Roboto Black_40.h
Roboto Black_48.h
Roboto Black_56.h
Roboto Black_64.h
Roboto Black Italic_24.h
Roboto Black Italic_32.h
Roboto Black Italic_40.h
Roboto Black Italic_48.h
Roboto Black Italic_56.h
Roboto Black Italic_64.h
Roboto Bold_24.h
Roboto Bold_32.h
Roboto Bold_40.h
Roboto Bold_48.h
Roboto Bold_56.h
Roboto Bold_64.h
Roboto Bold Italic_24.h
Roboto Bold Italic_32.h
Roboto Bold Italic_40.h
Roboto Bold Italic_48.h
Roboto Bold Italic_56.h
Roboto Bold Italic_64.h
Roboto Italic_24.h
Roboto Italic_32.h
Roboto Italic_40.h
Roboto Italic_48.h
Roboto Italic_56.h
Roboto Italic_64.h
Roboto Light_24.h
Roboto Light_32.h
Roboto Light_40.h
Roboto Light_48.h
Roboto Light_56.h
Roboto Light_64.h
Roboto Light Italic_24.h
Roboto Light Italic_32.h
Roboto Light Italic_40.h
Roboto Light Italic_48.h
Roboto Light Italic_56.h
Roboto Light Italic_64.h
Roboto Medium_24.h
Roboto Medium_32.h
Roboto Medium_40.h
Roboto Medium_48.h
Roboto Medium_56.h
Roboto Medium_64.h
Roboto Medium Italic_24.h
Roboto Medium Italic_32.h
Roboto Medium Italic_40.h
Roboto Medium Italic_48.h
Roboto Medium Italic_56.h
Roboto Medium Italic_64.h
Roboto_24.h
Roboto_32.h
Roboto_40.h
Roboto_48.h
Roboto_56.h
Roboto_64.h
Roboto Thin_24.h
Roboto Thin_32.h
Roboto Thin_40.h
Roboto Thin_48.h
Roboto Thin_56.h
Roboto Thin_64.h
Roboto Thin Italic_24.h
Roboto Thin Italic_32.h
Roboto Thin Italic_40.h
Roboto Thin Italic_48.h
Roboto Thin Italic_56.h
Roboto Thin Italic_64.h
Roboto Condensed Bold_24.h
Roboto Condensed Bold_32.h
Roboto Condensed Bold_40.h
Roboto Condensed Bold_48.h
Roboto Condensed Bold_56.h
Roboto Condensed Bold_64.h
Roboto Condensed Bold Italic_24.h
Roboto Condensed Bold Italic_32.h
Roboto Condensed Bold Italic_40.h
Roboto Condensed Bold Italic_48.h
Roboto Condensed Bold Italic_56.h
Roboto Condensed Bold Italic_64.h
Roboto Condensed Italic_24.h
Roboto Condensed Italic_32.h
Roboto Condensed Italic_40.h
Roboto Condensed Italic_48.h
Roboto Condensed Italic_56.h
Roboto Condensed Italic_64.h
Roboto Condensed Light_24.h
Roboto Condensed Light_32.h
Roboto Condensed Light_40.h
Roboto Condensed Light_48.h
Roboto Condensed Light_56.h
Roboto Condensed Light_64.h
Roboto Condensed Light Italic_24.h
Roboto Condensed Light Italic_32.h
Roboto Condensed Light Italic_40.h
Roboto Condensed Light Italic_48.h
Roboto Condensed Light Italic_56.h
Roboto Condensed Light Italic_64.h
Roboto Condensed_24.h
Roboto Condensed_32.h
Roboto Condensed_40.h
Roboto Condensed_48.h
Roboto Condensed_56.h
Roboto Condensed_64.h
Roboto Slab Bold_24.h
Roboto Slab Bold_32.h
Roboto Slab Bold_40.h
Roboto Slab Bold_48.h
Roboto Slab Bold_56.h
Roboto Slab Bold_64.h
Roboto Slab Light_24.h
Roboto Slab Light_32.h
Roboto Slab Light_40.h
Roboto Slab Light_48.h
Roboto Slab Light_56.h
Roboto Slab Light_64.h
Roboto Slab Regular_24.h
Roboto Slab Regular_32.h
Roboto Slab Regular_40.h
Roboto Slab Regular_48.h
Roboto Slab Regular_56.h
Roboto Slab Regular_64.h
Roboto Slab Thin_24.h
Roboto Slab Thin_32.h
Roboto Slab Thin_40.h
Roboto Slab Thin_48.h
Roboto Slab Thin_56.h
Roboto Slab Thin_64.h
Rochester Regular_24.h
Rochester Regular_32.h
Rochester Regular_40.h
Rochester Regular_48.h
Rochester Regular_56.h
Rochester Regular_64.h
Rock Salt Regular_24.h
Rock Salt Regular_32.h
Rock Salt Regular_40.h
Rock Salt Regular_48.h
Rock Salt Regular_56.h
Rock Salt Regular_64.h
Satisfy Regular_24.h
Satisfy Regular_32.h
Satisfy Regular_40.h
Satisfy Regular_48.h
Satisfy Regular_56.h
Satisfy Regular_64.h
Schoolbell Regular_24.h
Schoolbell Regular_32.h
Schoolbell Regular_40.h
Schoolbell Regular_48.h
Schoolbell Regular_56.h
Schoolbell Regular_64.h
Slackey Regular_24.h
Slackey Regular_32.h
Slackey Regular_40.h
Slackey Regular_48.h
Slackey Regular_56.h
Slackey Regular_64.h
Smokum Regular_24.h
Smokum Regular_32.h
Smokum Regular_40.h
Smokum Regular_48.h
Smokum Regular_56.h
Smokum Regular_64.h
Special Elite Regular_24.h
Special Elite Regular_32.h
Special Elite Regular_40.h
Special Elite Regular_48.h
Special Elite Regular_56.h
Special Elite Regular_64.h
Sunshiney Regular_24.h
Sunshiney Regular_32.h
Sunshiney Regular_40.h
Sunshiney Regular_48.h
Sunshiney Regular_56.h
Sunshiney Regular_64.h
Syncopate Bold_24.h
Syncopate Bold_32.h
Syncopate Bold_40.h
Syncopate Bold_48.h
Syncopate Bold_56.h
Syncopate Bold_64.h
Syncopate Regular_24.h
Syncopate Regular_32.h
Syncopate Regular_40.h
Syncopate Regular_48.h
Syncopate Regular_56.h
Syncopate Regular_64.h
Tinos Bold_24.h
Tinos Bold_32.h
Tinos Bold_40.h
Tinos Bold_48.h
Tinos Bold_56.h
Tinos Bold_64.h
Tinos Bold Italic_24.h
Tinos Bold Italic_32.h
Tinos Bold Italic_40.h
Tinos Bold Italic_48.h
Tinos Bold Italic_56.h
Tinos Bold Italic_64.h
Tinos Italic_24.h
Tinos Italic_32.h
Tinos Italic_40.h
Tinos Italic_48.h
Tinos Italic_56.h
Tinos Italic_64.h
Tinos Regular_24.h
Tinos Regular_32.h
Tinos Regular_40.h
Tinos Regular_48.h
Tinos Regular_56.h
Tinos Regular_64.h
Ultra Regular_24.h
Ultra Regular_32.h
Ultra Regular_40.h
Ultra Regular_48.h
Ultra Regular_56.h
Ultra Regular_64.h
Unkempt Bold_24.h
Unkempt Bold_32.h
Unkempt Bold_40.h
Unkempt Bold_48.h
Unkempt Bold_56.h
Unkempt Bold_64.h
Unkempt Regular_24.h
Unkempt Regular_32.h
Unkempt Regular_40.h
Unkempt Regular_48.h
Unkempt Regular_56.h
Unkempt Regular_64.h
Walter Turncoat Regular_24.h
Walter Turncoat Regular_32.h
Walter Turncoat Regular_40.h
Walter Turncoat Regular_48.h
Walter Turncoat Regular_56.h
Walter Turncoat Regular_64.h
Yellowtail Regular_24.h
Yellowtail Regular_32.h
Yellowtail Regular_40.h
Yellowtail Regular_48.h
Yellowtail Regular_56.h
Yellowtail Regular_64.h
====================================================================
