TTF2BMH version 0.9 (c) JD Morise
====================================================================
Ubuntu Bold_digits_24.h
Ubuntu Bold_digits_32.h
Ubuntu Bold_digits_40.h
Ubuntu Bold_digits_48.h
Ubuntu Bold_digits_56.h
Ubuntu Bold_digits_64.h
Ubuntu Bold Italic_digits_24.h
Ubuntu Bold Italic_digits_32.h
Ubuntu Bold Italic_digits_40.h
Ubuntu Bold Italic_digits_48.h
Ubuntu Bold Italic_digits_56.h
Ubuntu Bold Italic_digits_64.h
Ubuntu Italic_digits_24.h
Ubuntu Italic_digits_32.h
Ubuntu Italic_digits_40.h
Ubuntu Italic_digits_48.h
Ubuntu Italic_digits_56.h
Ubuntu Italic_digits_64.h
Ubuntu Light_digits_24.h
Ubuntu Light_digits_32.h
Ubuntu Light_digits_40.h
Ubuntu Light_digits_48.h
Ubuntu Light_digits_56.h
Ubuntu Light_digits_64.h
Ubuntu Light Italic_digits_24.h
Ubuntu Light Italic_digits_32.h
Ubuntu Light Italic_digits_40.h
Ubuntu Light Italic_digits_48.h
Ubuntu Light Italic_digits_56.h
Ubuntu Light Italic_digits_64.h
Ubuntu Medium_digits_24.h
Ubuntu Medium_digits_32.h
Ubuntu Medium_digits_40.h
Ubuntu Medium_digits_48.h
Ubuntu Medium_digits_56.h
Ubuntu Medium_digits_64.h
Ubuntu Medium Italic_digits_24.h
Ubuntu Medium Italic_digits_32.h
Ubuntu Medium Italic_digits_40.h
Ubuntu Medium Italic_digits_48.h
Ubuntu Medium Italic_digits_56.h
Ubuntu Medium Italic_digits_64.h
Ubuntu Regular_digits_24.h
Ubuntu Regular_digits_32.h
Ubuntu Regular_digits_40.h
Ubuntu Regular_digits_48.h
Ubuntu Regular_digits_56.h
Ubuntu Regular_digits_64.h
Ubuntu Condensed_digits_24.h
Ubuntu Condensed_digits_32.h
Ubuntu Condensed_digits_40.h
Ubuntu Condensed_digits_48.h
Ubuntu Condensed_digits_56.h
Ubuntu Condensed_digits_64.h
Ubuntu Mono Bold_digits_24.h
Ubuntu Mono Bold_digits_32.h
Ubuntu Mono Bold_digits_40.h
Ubuntu Mono Bold_digits_48.h
Ubuntu Mono Bold_digits_56.h
Ubuntu Mono Bold_digits_64.h
Ubuntu Mono Bold Italic_digits_24.h
Ubuntu Mono Bold Italic_digits_32.h
Ubuntu Mono Bold Italic_digits_40.h
Ubuntu Mono Bold Italic_digits_48.h
Ubuntu Mono Bold Italic_digits_56.h
Ubuntu Mono Bold Italic_digits_64.h
Ubuntu Mono Italic_digits_24.h
Ubuntu Mono Italic_digits_32.h
Ubuntu Mono Italic_digits_40.h
Ubuntu Mono Italic_digits_48.h
Ubuntu Mono Italic_digits_56.h
Ubuntu Mono Italic_digits_64.h
Ubuntu Mono_digits_24.h
Ubuntu Mono_digits_32.h
Ubuntu Mono_digits_40.h
Ubuntu Mono_digits_48.h
Ubuntu Mono_digits_56.h
Ubuntu Mono_digits_64.h
====================================================================
