TTF2BMH version 0.9 (c) JD Morise
====================================================================
Aclonica Regular_digits_24.h
Aclonica Regular_digits_32.h
Aclonica Regular_digits_40.h
Aclonica Regular_digits_48.h
Aclonica Regular_digits_56.h
Aclonica Regular_digits_64.h
Arimo Bold_digits_24.h
Arimo Bold_digits_32.h
Arimo Bold_digits_40.h
Arimo Bold_digits_48.h
Arimo Bold_digits_56.h
Arimo Bold_digits_64.h
Arimo Bold Italic_digits_24.h
Arimo Bold Italic_digits_32.h
Arimo Bold Italic_digits_40.h
Arimo Bold Italic_digits_48.h
Arimo Bold Italic_digits_56.h
Arimo Bold Italic_digits_64.h
Arimo Italic_digits_24.h
Arimo Italic_digits_32.h
Arimo Italic_digits_40.h
Arimo Italic_digits_48.h
Arimo Italic_digits_56.h
Arimo Italic_digits_64.h
Arimo Regular_digits_24.h
Arimo Regular_digits_32.h
Arimo Regular_digits_40.h
Arimo Regular_digits_48.h
Arimo Regular_digits_56.h
Arimo Regular_digits_64.h
Calligraffitti Regular_digits_24.h
Calligraffitti Regular_digits_32.h
Calligraffitti Regular_digits_40.h
Calligraffitti Regular_digits_48.h
Calligraffitti Regular_digits_56.h
Calligraffitti Regular_digits_64.h
Cherry Cream Soda Regular_digits_24.h
Cherry Cream Soda Regular_digits_32.h
Cherry Cream Soda Regular_digits_40.h
Cherry Cream Soda Regular_digits_48.h
Cherry Cream Soda Regular_digits_56.h
Cherry Cream Soda Regular_digits_64.h
Chewy Regular_digits_24.h
Chewy Regular_digits_32.h
Chewy Regular_digits_40.h
Chewy Regular_digits_48.h
Chewy Regular_digits_56.h
Chewy Regular_digits_64.h
Coming Soon Regular_digits_24.h
Coming Soon Regular_digits_32.h
Coming Soon Regular_digits_40.h
Coming Soon Regular_digits_48.h
Coming Soon Regular_digits_56.h
Coming Soon Regular_digits_64.h
Cousine Bold_digits_24.h
Cousine Bold_digits_32.h
Cousine Bold_digits_40.h
Cousine Bold_digits_48.h
Cousine Bold_digits_56.h
Cousine Bold_digits_64.h
Cousine Bold Italic_digits_24.h
Cousine Bold Italic_digits_32.h
Cousine Bold Italic_digits_40.h
Cousine Bold Italic_digits_48.h
Cousine Bold Italic_digits_56.h
Cousine Bold Italic_digits_64.h
Cousine Italic_digits_24.h
Cousine Italic_digits_32.h
Cousine Italic_digits_40.h
Cousine Italic_digits_48.h
Cousine Italic_digits_56.h
Cousine Italic_digits_64.h
Cousine Regular_digits_24.h
Cousine Regular_digits_32.h
Cousine Regular_digits_40.h
Cousine Regular_digits_48.h
Cousine Regular_digits_56.h
Cousine Regular_digits_64.h
Crafty Girls Regular_digits_24.h
Crafty Girls Regular_digits_32.h
Crafty Girls Regular_digits_40.h
Crafty Girls Regular_digits_48.h
Crafty Girls Regular_digits_56.h
Crafty Girls Regular_digits_64.h
Creepster Caps Regular_digits_24.h
Creepster Caps Regular_digits_32.h
Creepster Caps Regular_digits_40.h
Creepster Caps Regular_digits_48.h
Creepster Caps Regular_digits_56.h
Creepster Caps Regular_digits_64.h
Crushed Regular_digits_24.h
Crushed Regular_digits_32.h
Crushed Regular_digits_40.h
Crushed Regular_digits_48.h
Crushed Regular_digits_56.h
Crushed Regular_digits_64.h
Fontdiner Swanky Regular_digits_24.h
Fontdiner Swanky Regular_digits_32.h
Fontdiner Swanky Regular_digits_40.h
Fontdiner Swanky Regular_digits_48.h
Fontdiner Swanky Regular_digits_56.h
Fontdiner Swanky Regular_digits_64.h
Homemade Apple Regular_digits_24.h
Homemade Apple Regular_digits_32.h
Homemade Apple Regular_digits_40.h
Homemade Apple Regular_digits_48.h
Homemade Apple Regular_digits_56.h
Homemade Apple Regular_digits_64.h
Irish Grover Regular_digits_24.h
Irish Grover Regular_digits_32.h
Irish Grover Regular_digits_40.h
Irish Grover Regular_digits_48.h
Irish Grover Regular_digits_56.h
Irish Grover Regular_digits_64.h
jsMath-cmbx10_digits_24.h
jsMath-cmbx10_digits_32.h
jsMath-cmbx10_digits_40.h
jsMath-cmbx10_digits_48.h
jsMath-cmbx10_digits_56.h
jsMath-cmbx10_digits_64.h
jsMath-cmex10_digits_24.h
jsMath-cmex10_digits_32.h
jsMath-cmex10_digits_40.h
jsMath-cmex10_digits_48.h
jsMath-cmex10_digits_56.h
jsMath-cmex10_digits_64.h
jsMath-cmmi10_digits_24.h
jsMath-cmmi10_digits_32.h
jsMath-cmmi10_digits_40.h
jsMath-cmmi10_digits_48.h
jsMath-cmmi10_digits_56.h
jsMath-cmmi10_digits_64.h
jsMath-cmr10_digits_24.h
jsMath-cmr10_digits_32.h
jsMath-cmr10_digits_40.h
jsMath-cmr10_digits_48.h
jsMath-cmr10_digits_56.h
jsMath-cmr10_digits_64.h
jsMath-cmsy10_digits_24.h
jsMath-cmsy10_digits_32.h
jsMath-cmsy10_digits_40.h
jsMath-cmsy10_digits_48.h
jsMath-cmsy10_digits_56.h
jsMath-cmsy10_digits_64.h
jsMath-cmti10_digits_24.h
jsMath-cmti10_digits_32.h
jsMath-cmti10_digits_40.h
jsMath-cmti10_digits_48.h
jsMath-cmti10_digits_56.h
jsMath-cmti10_digits_64.h
Just Another Hand Regular_digits_24.h
Just Another Hand Regular_digits_32.h
Just Another Hand Regular_digits_40.h
Just Another Hand Regular_digits_48.h
Just Another Hand Regular_digits_56.h
Just Another Hand Regular_digits_64.h
Kranky Regular_digits_24.h
Kranky Regular_digits_32.h
Kranky Regular_digits_40.h
Kranky Regular_digits_48.h
Kranky Regular_digits_56.h
Kranky Regular_digits_64.h
Luckiest Guy Regular_digits_24.h
Luckiest Guy Regular_digits_32.h
Luckiest Guy Regular_digits_40.h
Luckiest Guy Regular_digits_48.h
Luckiest Guy Regular_digits_56.h
Luckiest Guy Regular_digits_64.h
Maiden Orange Regular_digits_24.h
Maiden Orange Regular_digits_32.h
Maiden Orange Regular_digits_40.h
Maiden Orange Regular_digits_48.h
Maiden Orange Regular_digits_56.h
Maiden Orange Regular_digits_64.h
Montez Regular_digits_24.h
Montez Regular_digits_32.h
Montez Regular_digits_40.h
Montez Regular_digits_48.h
Montez Regular_digits_56.h
Montez Regular_digits_64.h
Mountains of Christmas Bold_digits_24.h
Mountains of Christmas Bold_digits_32.h
Mountains of Christmas Bold_digits_40.h
Mountains of Christmas Bold_digits_48.h
Mountains of Christmas Bold_digits_56.h
Mountains of Christmas Bold_digits_64.h
Mountains of Christmas Regular_digits_24.h
Mountains of Christmas Regular_digits_32.h
Mountains of Christmas Regular_digits_40.h
Mountains of Christmas Regular_digits_48.h
Mountains of Christmas Regular_digits_56.h
Mountains of Christmas Regular_digits_64.h
Nokora Bold_digits_24.h
Nokora Bold_digits_32.h
Nokora Bold_digits_40.h
Nokora Bold_digits_48.h
Nokora Bold_digits_56.h
Nokora Bold_digits_64.h
Nokora Regular_digits_24.h
Nokora Regular_digits_32.h
Nokora Regular_digits_40.h
Nokora Regular_digits_48.h
Nokora Regular_digits_56.h
Nokora Regular_digits_64.h
Open Sans Bold_digits_24.h
Open Sans Bold_digits_32.h
Open Sans Bold_digits_40.h
Open Sans Bold_digits_48.h
Open Sans Bold_digits_56.h
Open Sans Bold_digits_64.h
Open Sans Bold Italic_digits_24.h
Open Sans Bold Italic_digits_32.h
Open Sans Bold Italic_digits_40.h
Open Sans Bold Italic_digits_48.h
Open Sans Bold Italic_digits_56.h
Open Sans Bold Italic_digits_64.h
Open Sans ExtraBold_digits_24.h
Open Sans ExtraBold_digits_32.h
Open Sans ExtraBold_digits_40.h
Open Sans ExtraBold_digits_48.h
Open Sans ExtraBold_digits_56.h
Open Sans ExtraBold_digits_64.h
Open Sans ExtraBold Italic_digits_24.h
Open Sans ExtraBold Italic_digits_32.h
Open Sans ExtraBold Italic_digits_40.h
Open Sans ExtraBold Italic_digits_48.h
Open Sans ExtraBold Italic_digits_56.h
Open Sans ExtraBold Italic_digits_64.h
Open Sans Italic_digits_24.h
Open Sans Italic_digits_32.h
Open Sans Italic_digits_40.h
Open Sans Italic_digits_48.h
Open Sans Italic_digits_56.h
Open Sans Italic_digits_64.h
Open Sans Light_digits_24.h
Open Sans Light_digits_32.h
Open Sans Light_digits_40.h
Open Sans Light_digits_48.h
Open Sans Light_digits_56.h
Open Sans Light_digits_64.h
Open Sans Light Italic_digits_24.h
Open Sans Light Italic_digits_32.h
Open Sans Light Italic_digits_40.h
Open Sans Light Italic_digits_48.h
Open Sans Light Italic_digits_56.h
Open Sans Light Italic_digits_64.h
Open Sans Regular_digits_24.h
Open Sans Regular_digits_32.h
Open Sans Regular_digits_40.h
Open Sans Regular_digits_48.h
Open Sans Regular_digits_56.h
Open Sans Regular_digits_64.h
Open Sans SemiBold_digits_24.h
Open Sans SemiBold_digits_32.h
Open Sans SemiBold_digits_40.h
Open Sans SemiBold_digits_48.h
Open Sans SemiBold_digits_56.h
Open Sans SemiBold_digits_64.h
Open Sans SemiBold Italic_digits_24.h
Open Sans SemiBold Italic_digits_32.h
Open Sans SemiBold Italic_digits_40.h
Open Sans SemiBold Italic_digits_48.h
Open Sans SemiBold Italic_digits_56.h
Open Sans SemiBold Italic_digits_64.h
Open Sans Condensed Bold_digits_24.h
Open Sans Condensed Bold_digits_32.h
Open Sans Condensed Bold_digits_40.h
Open Sans Condensed Bold_digits_48.h
Open Sans Condensed Bold_digits_56.h
Open Sans Condensed Bold_digits_64.h
Open Sans Condensed Light_digits_24.h
Open Sans Condensed Light_digits_32.h
Open Sans Condensed Light_digits_40.h
Open Sans Condensed Light_digits_48.h
Open Sans Condensed Light_digits_56.h
Open Sans Condensed Light_digits_64.h
Open Sans Condensed Light Italic_digits_24.h
Open Sans Condensed Light Italic_digits_32.h
Open Sans Condensed Light Italic_digits_40.h
Open Sans Condensed Light Italic_digits_48.h
Open Sans Condensed Light Italic_digits_56.h
Open Sans Condensed Light Italic_digits_64.h
Open Sans Hebrew Bold_digits_24.h
Open Sans Hebrew Bold_digits_32.h
Open Sans Hebrew Bold_digits_40.h
Open Sans Hebrew Bold_digits_48.h
Open Sans Hebrew Bold_digits_56.h
Open Sans Hebrew Bold_digits_64.h
Open Sans Hebrew Bold Italic_digits_24.h
Open Sans Hebrew Bold Italic_digits_32.h
Open Sans Hebrew Bold Italic_digits_40.h
Open Sans Hebrew Bold Italic_digits_48.h
Open Sans Hebrew Bold Italic_digits_56.h
Open Sans Hebrew Bold Italic_digits_64.h
Open Sans Hebrew Extra Bold_digits_24.h
Open Sans Hebrew Extra Bold_digits_32.h
Open Sans Hebrew Extra Bold_digits_40.h
Open Sans Hebrew Extra Bold_digits_48.h
Open Sans Hebrew Extra Bold_digits_56.h
Open Sans Hebrew Extra Bold_digits_64.h
Open Sans Hebrew Extra Bold Italic_digits_24.h
Open Sans Hebrew Extra Bold Italic_digits_32.h
Open Sans Hebrew Extra Bold Italic_digits_40.h
Open Sans Hebrew Extra Bold Italic_digits_48.h
Open Sans Hebrew Extra Bold Italic_digits_56.h
Open Sans Hebrew Extra Bold Italic_digits_64.h
Open Sans Hebrew Italic_digits_24.h
Open Sans Hebrew Italic_digits_32.h
Open Sans Hebrew Italic_digits_40.h
Open Sans Hebrew Italic_digits_48.h
Open Sans Hebrew Italic_digits_56.h
Open Sans Hebrew Italic_digits_64.h
Open Sans Hebrew Light_digits_24.h
Open Sans Hebrew Light_digits_32.h
Open Sans Hebrew Light_digits_40.h
Open Sans Hebrew Light_digits_48.h
Open Sans Hebrew Light_digits_56.h
Open Sans Hebrew Light_digits_64.h
Open Sans Hebrew Light Italic_digits_24.h
Open Sans Hebrew Light Italic_digits_32.h
Open Sans Hebrew Light Italic_digits_40.h
Open Sans Hebrew Light Italic_digits_48.h
Open Sans Hebrew Light Italic_digits_56.h
Open Sans Hebrew Light Italic_digits_64.h
Open Sans Hebrew_digits_24.h
Open Sans Hebrew_digits_32.h
Open Sans Hebrew_digits_40.h
Open Sans Hebrew_digits_48.h
Open Sans Hebrew_digits_56.h
Open Sans Hebrew_digits_64.h
Open Sans Hebrew Condensed Bold_digits_24.h
Open Sans Hebrew Condensed Bold_digits_32.h
Open Sans Hebrew Condensed Bold_digits_40.h
Open Sans Hebrew Condensed Bold_digits_48.h
Open Sans Hebrew Condensed Bold_digits_56.h
Open Sans Hebrew Condensed Bold_digits_64.h
Open Sans Hebrew Condensed Bold Italic_digits_24.h
Open Sans Hebrew Condensed Bold Italic_digits_32.h
Open Sans Hebrew Condensed Bold Italic_digits_40.h
Open Sans Hebrew Condensed Bold Italic_digits_48.h
Open Sans Hebrew Condensed Bold Italic_digits_56.h
Open Sans Hebrew Condensed Bold Italic_digits_64.h
Open Sans Hebrew Condensed Extra Bold_digits_24.h
Open Sans Hebrew Condensed Extra Bold_digits_32.h
Open Sans Hebrew Condensed Extra Bold_digits_40.h
Open Sans Hebrew Condensed Extra Bold_digits_48.h
Open Sans Hebrew Condensed Extra Bold_digits_56.h
Open Sans Hebrew Condensed Extra Bold_digits_64.h
Open Sans Hebrew Condensed Extra Bold Italic_digits_24.h
Open Sans Hebrew Condensed Extra Bold Italic_digits_32.h
Open Sans Hebrew Condensed Extra Bold Italic_digits_40.h
Open Sans Hebrew Condensed Extra Bold Italic_digits_48.h
Open Sans Hebrew Condensed Extra Bold Italic_digits_56.h
Open Sans Hebrew Condensed Extra Bold Italic_digits_64.h
Open Sans Hebrew Condensed Italic_digits_24.h
Open Sans Hebrew Condensed Italic_digits_32.h
Open Sans Hebrew Condensed Italic_digits_40.h
Open Sans Hebrew Condensed Italic_digits_48.h
Open Sans Hebrew Condensed Italic_digits_56.h
Open Sans Hebrew Condensed Italic_digits_64.h
Open Sans Hebrew Condensed Light_digits_24.h
Open Sans Hebrew Condensed Light_digits_32.h
Open Sans Hebrew Condensed Light_digits_40.h
Open Sans Hebrew Condensed Light_digits_48.h
Open Sans Hebrew Condensed Light_digits_56.h
Open Sans Hebrew Condensed Light_digits_64.h
Open Sans Hebrew Condensed Light Italic_digits_24.h
Open Sans Hebrew Condensed Light Italic_digits_32.h
Open Sans Hebrew Condensed Light Italic_digits_40.h
Open Sans Hebrew Condensed Light Italic_digits_48.h
Open Sans Hebrew Condensed Light Italic_digits_56.h
Open Sans Hebrew Condensed Light Italic_digits_64.h
Open Sans Hebrew Condensed_digits_24.h
Open Sans Hebrew Condensed_digits_32.h
Open Sans Hebrew Condensed_digits_40.h
Open Sans Hebrew Condensed_digits_48.h
Open Sans Hebrew Condensed_digits_56.h
Open Sans Hebrew Condensed_digits_64.h
Permanent Marker Regular_digits_24.h
Permanent Marker Regular_digits_32.h
Permanent Marker Regular_digits_40.h
Permanent Marker Regular_digits_48.h
Permanent Marker Regular_digits_56.h
Permanent Marker Regular_digits_64.h
Rancho Regular_digits_24.h
Rancho Regular_digits_32.h
Rancho Regular_digits_40.h
Rancho Regular_digits_48.h
Rancho Regular_digits_56.h
Rancho Regular_digits_64.h
Redressed Regular_digits_24.h
Redressed Regular_digits_32.h
Redressed Regular_digits_40.h
Redressed Regular_digits_48.h
Redressed Regular_digits_56.h
Redressed Regular_digits_64.h
Roboto Black_digits_24.h
Roboto Black_digits_32.h
Roboto Black_digits_40.h
Roboto Black_digits_48.h
Roboto Black_digits_56.h
Roboto Black_digits_64.h
Roboto Black Italic_digits_24.h
Roboto Black Italic_digits_32.h
Roboto Black Italic_digits_40.h
Roboto Black Italic_digits_48.h
Roboto Black Italic_digits_56.h
Roboto Black Italic_digits_64.h
Roboto Bold_digits_24.h
Roboto Bold_digits_32.h
Roboto Bold_digits_40.h
Roboto Bold_digits_48.h
Roboto Bold_digits_56.h
Roboto Bold_digits_64.h
Roboto Bold Italic_digits_24.h
Roboto Bold Italic_digits_32.h
Roboto Bold Italic_digits_40.h
Roboto Bold Italic_digits_48.h
Roboto Bold Italic_digits_56.h
Roboto Bold Italic_digits_64.h
Roboto Italic_digits_24.h
Roboto Italic_digits_32.h
Roboto Italic_digits_40.h
Roboto Italic_digits_48.h
Roboto Italic_digits_56.h
Roboto Italic_digits_64.h
Roboto Light_digits_24.h
Roboto Light_digits_32.h
Roboto Light_digits_40.h
Roboto Light_digits_48.h
Roboto Light_digits_56.h
Roboto Light_digits_64.h
Roboto Light Italic_digits_24.h
Roboto Light Italic_digits_32.h
Roboto Light Italic_digits_40.h
Roboto Light Italic_digits_48.h
Roboto Light Italic_digits_56.h
Roboto Light Italic_digits_64.h
Roboto Medium_digits_24.h
Roboto Medium_digits_32.h
Roboto Medium_digits_40.h
Roboto Medium_digits_48.h
Roboto Medium_digits_56.h
Roboto Medium_digits_64.h
Roboto Medium Italic_digits_24.h
Roboto Medium Italic_digits_32.h
Roboto Medium Italic_digits_40.h
Roboto Medium Italic_digits_48.h
Roboto Medium Italic_digits_56.h
Roboto Medium Italic_digits_64.h
Roboto_digits_24.h
Roboto_digits_32.h
Roboto_digits_40.h
Roboto_digits_48.h
Roboto_digits_56.h
Roboto_digits_64.h
Roboto Thin_digits_24.h
Roboto Thin_digits_32.h
Roboto Thin_digits_40.h
Roboto Thin_digits_48.h
Roboto Thin_digits_56.h
Roboto Thin_digits_64.h
Roboto Thin Italic_digits_24.h
Roboto Thin Italic_digits_32.h
Roboto Thin Italic_digits_40.h
Roboto Thin Italic_digits_48.h
Roboto Thin Italic_digits_56.h
Roboto Thin Italic_digits_64.h
Roboto Condensed Bold_digits_24.h
Roboto Condensed Bold_digits_32.h
Roboto Condensed Bold_digits_40.h
Roboto Condensed Bold_digits_48.h
Roboto Condensed Bold_digits_56.h
Roboto Condensed Bold_digits_64.h
Roboto Condensed Bold Italic_digits_24.h
Roboto Condensed Bold Italic_digits_32.h
Roboto Condensed Bold Italic_digits_40.h
Roboto Condensed Bold Italic_digits_48.h
Roboto Condensed Bold Italic_digits_56.h
Roboto Condensed Bold Italic_digits_64.h
Roboto Condensed Italic_digits_24.h
Roboto Condensed Italic_digits_32.h
Roboto Condensed Italic_digits_40.h
Roboto Condensed Italic_digits_48.h
Roboto Condensed Italic_digits_56.h
Roboto Condensed Italic_digits_64.h
Roboto Condensed Light_digits_24.h
Roboto Condensed Light_digits_32.h
Roboto Condensed Light_digits_40.h
Roboto Condensed Light_digits_48.h
Roboto Condensed Light_digits_56.h
Roboto Condensed Light_digits_64.h
Roboto Condensed Light Italic_digits_24.h
Roboto Condensed Light Italic_digits_32.h
Roboto Condensed Light Italic_digits_40.h
Roboto Condensed Light Italic_digits_48.h
Roboto Condensed Light Italic_digits_56.h
Roboto Condensed Light Italic_digits_64.h
Roboto Condensed_digits_24.h
Roboto Condensed_digits_32.h
Roboto Condensed_digits_40.h
Roboto Condensed_digits_48.h
Roboto Condensed_digits_56.h
Roboto Condensed_digits_64.h
Roboto Slab Bold_digits_24.h
Roboto Slab Bold_digits_32.h
Roboto Slab Bold_digits_40.h
Roboto Slab Bold_digits_48.h
Roboto Slab Bold_digits_56.h
Roboto Slab Bold_digits_64.h
Roboto Slab Light_digits_24.h
Roboto Slab Light_digits_32.h
Roboto Slab Light_digits_40.h
Roboto Slab Light_digits_48.h
Roboto Slab Light_digits_56.h
Roboto Slab Light_digits_64.h
Roboto Slab Regular_digits_24.h
Roboto Slab Regular_digits_32.h
Roboto Slab Regular_digits_40.h
Roboto Slab Regular_digits_48.h
Roboto Slab Regular_digits_56.h
Roboto Slab Regular_digits_64.h
Roboto Slab Thin_digits_24.h
Roboto Slab Thin_digits_32.h
Roboto Slab Thin_digits_40.h
Roboto Slab Thin_digits_48.h
Roboto Slab Thin_digits_56.h
Roboto Slab Thin_digits_64.h
Rochester Regular_digits_24.h
Rochester Regular_digits_32.h
Rochester Regular_digits_40.h
Rochester Regular_digits_48.h
Rochester Regular_digits_56.h
Rochester Regular_digits_64.h
Rock Salt Regular_digits_24.h
Rock Salt Regular_digits_32.h
Rock Salt Regular_digits_40.h
Rock Salt Regular_digits_48.h
Rock Salt Regular_digits_56.h
Rock Salt Regular_digits_64.h
Satisfy Regular_digits_24.h
Satisfy Regular_digits_32.h
Satisfy Regular_digits_40.h
Satisfy Regular_digits_48.h
Satisfy Regular_digits_56.h
Satisfy Regular_digits_64.h
Schoolbell Regular_digits_24.h
Schoolbell Regular_digits_32.h
Schoolbell Regular_digits_40.h
Schoolbell Regular_digits_48.h
Schoolbell Regular_digits_56.h
Schoolbell Regular_digits_64.h
Slackey Regular_digits_24.h
Slackey Regular_digits_32.h
Slackey Regular_digits_40.h
Slackey Regular_digits_48.h
Slackey Regular_digits_56.h
Slackey Regular_digits_64.h
Smokum Regular_digits_24.h
Smokum Regular_digits_32.h
Smokum Regular_digits_40.h
Smokum Regular_digits_48.h
Smokum Regular_digits_56.h
Smokum Regular_digits_64.h
Special Elite Regular_digits_24.h
Special Elite Regular_digits_32.h
Special Elite Regular_digits_40.h
Special Elite Regular_digits_48.h
Special Elite Regular_digits_56.h
Special Elite Regular_digits_64.h
Sunshiney Regular_digits_24.h
Sunshiney Regular_digits_32.h
Sunshiney Regular_digits_40.h
Sunshiney Regular_digits_48.h
Sunshiney Regular_digits_56.h
Sunshiney Regular_digits_64.h
Syncopate Bold_digits_24.h
Syncopate Bold_digits_32.h
Syncopate Bold_digits_40.h
Syncopate Bold_digits_48.h
Syncopate Bold_digits_56.h
Syncopate Bold_digits_64.h
Syncopate Regular_digits_24.h
Syncopate Regular_digits_32.h
Syncopate Regular_digits_40.h
Syncopate Regular_digits_48.h
Syncopate Regular_digits_56.h
Syncopate Regular_digits_64.h
Tinos Bold_digits_24.h
Tinos Bold_digits_32.h
Tinos Bold_digits_40.h
Tinos Bold_digits_48.h
Tinos Bold_digits_56.h
Tinos Bold_digits_64.h
Tinos Bold Italic_digits_24.h
Tinos Bold Italic_digits_32.h
Tinos Bold Italic_digits_40.h
Tinos Bold Italic_digits_48.h
Tinos Bold Italic_digits_56.h
Tinos Bold Italic_digits_64.h
Tinos Italic_digits_24.h
Tinos Italic_digits_32.h
Tinos Italic_digits_40.h
Tinos Italic_digits_48.h
Tinos Italic_digits_56.h
Tinos Italic_digits_64.h
Tinos Regular_digits_24.h
Tinos Regular_digits_32.h
Tinos Regular_digits_40.h
Tinos Regular_digits_48.h
Tinos Regular_digits_56.h
Tinos Regular_digits_64.h
Ultra Regular_digits_24.h
Ultra Regular_digits_32.h
Ultra Regular_digits_40.h
Ultra Regular_digits_48.h
Ultra Regular_digits_56.h
Ultra Regular_digits_64.h
Unkempt Bold_digits_24.h
Unkempt Bold_digits_32.h
Unkempt Bold_digits_40.h
Unkempt Bold_digits_48.h
Unkempt Bold_digits_56.h
Unkempt Bold_digits_64.h
Unkempt Regular_digits_24.h
Unkempt Regular_digits_32.h
Unkempt Regular_digits_40.h
Unkempt Regular_digits_48.h
Unkempt Regular_digits_56.h
Unkempt Regular_digits_64.h
Walter Turncoat Regular_digits_24.h
Walter Turncoat Regular_digits_32.h
Walter Turncoat Regular_digits_40.h
Walter Turncoat Regular_digits_48.h
Walter Turncoat Regular_digits_56.h
Walter Turncoat Regular_digits_64.h
Yellowtail Regular_digits_24.h
Yellowtail Regular_digits_32.h
Yellowtail Regular_digits_40.h
Yellowtail Regular_digits_48.h
Yellowtail Regular_digits_56.h
Yellowtail Regular_digits_64.h
====================================================================
